{"level":"info","message":"User service running on PORT: 3001","service":"user-service","timestamp":"2025-06-06T09:42:48.671Z"}
{"level":"info","message":"Connected to DB","service":"user-service","timestamp":"2025-06-06T09:42:50.386Z"}
{"level":"info","message":"User service running on PORT: 3001","service":"user-service","timestamp":"2025-06-06T09:43:59.765Z"}
{"level":"info","message":"Connected to DB","service":"user-service","timestamp":"2025-06-06T09:44:01.396Z"}
{"level":"info","message":"User service running on PORT: 3001","service":"user-service","timestamp":"2025-06-06T09:44:55.750Z"}
{"level":"info","message":"Connected to DB","service":"user-service","timestamp":"2025-06-06T09:44:57.331Z"}
{"level":"info","message":"User service running on PORT: 3001","service":"user-service","timestamp":"2025-06-06T09:46:23.987Z"}
{"level":"info","message":"Connected to DB","service":"user-service","timestamp":"2025-06-06T09:46:25.442Z"}
{"level":"info","message":"Received POST request to /api/auth/register","service":"user-service","timestamp":"2025-06-06T09:47:01.915Z"}
{"level":"info","message":"Registration endpoint hit...","service":"user-service","timestamp":"2025-06-06T09:47:01.919Z"}
{"buffer":{"data":[104,66,185,22,103,96,206,157,155,130,156,164],"type":"Buffer"},"level":"info","message":"User created","service":"user-service","timestamp":"2025-06-06T09:47:02.245Z"}
{"level":"info","message":"User service running on PORT: 3001","service":"user-service","timestamp":"2025-06-06T09:52:03.368Z"}
{"level":"info","message":"Connected to DB","service":"user-service","timestamp":"2025-06-06T09:52:05.202Z"}
{"level":"info","message":"User service running on PORT: 3001","service":"user-service","timestamp":"2025-06-06T09:53:34.303Z"}
{"level":"info","message":"Connected to DB","service":"user-service","timestamp":"2025-06-06T09:53:35.654Z"}
{"level":"info","message":"User service running on PORT: 3001","service":"user-service","timestamp":"2025-06-06T09:55:01.838Z"}
{"level":"info","message":"Connected to DB","service":"user-service","timestamp":"2025-06-06T09:55:03.359Z"}
{"level":"info","message":"User service running on PORT: 3001","service":"user-service","timestamp":"2025-06-06T09:55:06.863Z"}
{"level":"info","message":"Connected to DB","service":"user-service","timestamp":"2025-06-06T09:55:08.135Z"}
{"level":"info","message":"User service running on PORT: 3001","service":"user-service","timestamp":"2025-06-06T09:56:38.505Z"}
{"level":"info","message":"Connected to DB","service":"user-service","timestamp":"2025-06-06T09:56:40.508Z"}
{"level":"info","message":"Received POST request to /api/auth/login","service":"user-service","timestamp":"2025-06-06T09:57:34.839Z"}
{"level":"info","message":"Login endpoint hit...","service":"user-service","timestamp":"2025-06-06T09:57:34.842Z"}
{"level":"info","message":"User service running on PORT: 3001","service":"user-service","timestamp":"2025-06-06T09:59:52.144Z"}
{"level":"info","message":"Connected to DB","service":"user-service","timestamp":"2025-06-06T09:59:54.356Z"}
{"level":"info","message":"User service running on PORT: 3001","service":"user-service","timestamp":"2025-06-06T10:00:03.073Z"}
{"level":"info","message":"Connected to DB","service":"user-service","timestamp":"2025-06-06T10:00:04.377Z"}
{"level":"info","message":"User service running on PORT: 3001","service":"user-service","timestamp":"2025-06-06T10:00:27.014Z"}
{"level":"info","message":"Connected to DB","service":"user-service","timestamp":"2025-06-06T10:00:28.460Z"}
{"level":"info","message":"User service running on PORT: 3001","service":"user-service","timestamp":"2025-06-06T10:00:39.051Z"}
{"level":"info","message":"Connected to DB","service":"user-service","timestamp":"2025-06-06T10:00:40.798Z"}
{"level":"info","message":"User service running on PORT: 3001","service":"user-service","timestamp":"2025-06-06T10:00:58.424Z"}
{"level":"info","message":"Connected to DB","service":"user-service","timestamp":"2025-06-06T10:01:00.217Z"}
{"level":"info","message":"User service running on PORT: 3001","service":"user-service","timestamp":"2025-06-06T10:01:20.808Z"}
{"level":"info","message":"Connected to DB","service":"user-service","timestamp":"2025-06-06T10:01:22.666Z"}
{"level":"info","message":"User service running on PORT: 3001","service":"user-service","timestamp":"2025-06-06T10:01:40.021Z"}
{"level":"info","message":"Connected to DB","service":"user-service","timestamp":"2025-06-06T10:01:41.116Z"}
{"level":"info","message":"User service running on PORT: 3001","service":"user-service","timestamp":"2025-06-06T10:02:22.724Z"}
{"level":"info","message":"Connected to DB","service":"user-service","timestamp":"2025-06-06T10:02:24.355Z"}
{"level":"info","message":"User service running on PORT: 3001","service":"user-service","timestamp":"2025-06-06T10:02:42.756Z"}
{"level":"info","message":"Connected to DB","service":"user-service","timestamp":"2025-06-06T10:02:46.304Z"}
{"level":"info","message":"User service running on PORT: 3001","service":"user-service","timestamp":"2025-06-06T10:02:46.953Z"}
{"level":"info","message":"Connected to DB","service":"user-service","timestamp":"2025-06-06T10:02:48.248Z"}
{"level":"info","message":"User service running on PORT: 3001","service":"user-service","timestamp":"2025-06-06T10:03:11.194Z"}
{"level":"info","message":"Connected to DB","service":"user-service","timestamp":"2025-06-06T10:03:12.829Z"}
{"level":"info","message":"User service running on PORT: 3001","service":"user-service","timestamp":"2025-06-06T10:03:14.579Z"}
{"level":"info","message":"Connected to DB","service":"user-service","timestamp":"2025-06-06T10:03:19.474Z"}
{"level":"info","message":"User service running on PORT: 3001","service":"user-service","timestamp":"2025-06-06T10:03:22.225Z"}
{"level":"info","message":"Connected to DB","service":"user-service","timestamp":"2025-06-06T10:03:23.538Z"}
{"level":"info","message":"User service running on PORT: 3001","service":"user-service","timestamp":"2025-06-06T10:03:26.528Z"}
{"level":"info","message":"Connected to DB","service":"user-service","timestamp":"2025-06-06T10:03:28.598Z"}
{"level":"info","message":"User service running on PORT: 3001","service":"user-service","timestamp":"2025-06-06T10:03:32.455Z"}
{"level":"info","message":"Connected to DB","service":"user-service","timestamp":"2025-06-06T10:03:33.925Z"}
{"level":"info","message":"User service running on PORT: 3001","service":"user-service","timestamp":"2025-06-06T10:03:38.120Z"}
{"level":"info","message":"Connected to DB","service":"user-service","timestamp":"2025-06-06T10:03:39.555Z"}
{"level":"info","message":"User service running on PORT: 3001","service":"user-service","timestamp":"2025-06-06T10:04:04.176Z"}
{"level":"info","message":"Connected to DB","service":"user-service","timestamp":"2025-06-06T10:04:05.570Z"}
{"level":"info","message":"User service running on PORT: 3001","service":"user-service","timestamp":"2025-06-06T10:04:49.738Z"}
{"level":"info","message":"Connected to DB","service":"user-service","timestamp":"2025-06-06T10:04:51.503Z"}
{"level":"info","message":"User service running on PORT: 3001","service":"user-service","timestamp":"2025-06-06T10:05:02.477Z"}
{"level":"info","message":"Connected to DB","service":"user-service","timestamp":"2025-06-06T10:05:03.581Z"}
{"level":"info","message":"User service running on PORT: 3001","service":"user-service","timestamp":"2025-06-06T10:05:46.481Z"}
{"level":"info","message":"Connected to DB","service":"user-service","timestamp":"2025-06-06T10:05:47.767Z"}
{"level":"info","message":"User service running on PORT: 3001","service":"user-service","timestamp":"2025-06-06T10:06:03.880Z"}
{"level":"info","message":"Connected to DB","service":"user-service","timestamp":"2025-06-06T10:06:05.481Z"}
{"level":"info","message":"User service running on PORT: 3001","service":"user-service","timestamp":"2025-06-06T10:06:06.006Z"}
{"level":"info","message":"Connected to DB","service":"user-service","timestamp":"2025-06-06T10:06:07.139Z"}
{"level":"info","message":"User service running on PORT: 3001","service":"user-service","timestamp":"2025-06-06T10:06:14.080Z"}
{"level":"info","message":"User service running on PORT: 3001","service":"user-service","timestamp":"2025-06-06T10:06:15.497Z"}
{"level":"info","message":"Connected to DB","service":"user-service","timestamp":"2025-06-06T10:06:16.787Z"}
{"level":"info","message":"User service running on PORT: 3001","service":"user-service","timestamp":"2025-06-06T10:06:24.627Z"}
{"level":"info","message":"Connected to DB","service":"user-service","timestamp":"2025-06-06T10:06:26.063Z"}
{"level":"info","message":"User service running on PORT: 3001","service":"user-service","timestamp":"2025-06-06T10:06:31.374Z"}
{"level":"info","message":"Connected to DB","service":"user-service","timestamp":"2025-06-06T10:06:33.341Z"}
{"level":"info","message":"User service running on PORT: 3001","service":"user-service","timestamp":"2025-06-06T10:06:38.201Z"}
{"level":"info","message":"Connected to DB","service":"user-service","timestamp":"2025-06-06T10:06:39.683Z"}
{"level":"info","message":"User service running on PORT: 3001","service":"user-service","timestamp":"2025-06-06T10:06:43.899Z"}
{"level":"info","message":"Connected to DB","service":"user-service","timestamp":"2025-06-06T10:06:45.005Z"}
{"level":"info","message":"User service running on PORT: 3001","service":"user-service","timestamp":"2025-06-06T10:07:20.848Z"}
{"level":"info","message":"Connected to DB","service":"user-service","timestamp":"2025-06-06T10:07:22.556Z"}
